<?xml version="1.0" encoding="UTF-8"?>
<!-- Generated by org.testng.reporters.JUnitReportReporter -->
<testsuite skipped="0" hostname="BDC6-DX-3Q11N62" name="com.tests.ReadDataExcel" tests="1" failures="0" timestamp="22 Apr 2019 05:16:54 GMT" time="0.764" errors="0">
  <testcase name="testReadExcel" time="0.764" classname="com.tests.ReadDataExcel"/>
</testsuite> <!-- com.tests.ReadDataExcel -->
