<?xml version="1.0" encoding="UTF-8"?>
<!-- Generated by org.testng.reporters.JUnitReportReporter -->
<testsuite skipped="0" hostname="BDC6-DX-3Q11N62" name="com.tests.TestCitywindows" tests="1" failures="0" timestamp="19 Apr 2019 10:07:29 GMT" time="10.756" errors="0">
  <testcase name="testAddressapp" time="10.756" classname="com.tests.TestCitywindows"/>
</testsuite> <!-- com.tests.TestCitywindows -->
