<?xml version="1.0" encoding="UTF-8"?>
<!-- Generated by org.testng.reporters.JUnitReportReporter -->
<testsuite skipped="0" hostname="BDC6-DX-3Q11N62" name="com.util.DemoWebShop" tests="1" failures="0" timestamp="17 Apr 2019 06:04:22 GMT" time="10.011" errors="0">
  <testcase name="testDemoWebShop" time="10.011" classname="com.util.DemoWebShop"/>
</testsuite> <!-- com.util.DemoWebShop -->
