<?xml version="1.0" encoding="UTF-8"?>
<!-- Generated by org.testng.reporters.JUnitReportReporter -->
<testsuite skipped="0" hostname="BDC6-DX-3Q11N62" name="com.tests.KeyboardActions" tests="1" failures="0" timestamp="19 Apr 2019 13:31:53 GMT" time="9.786" errors="0">
  <testcase name="testKeyboard" time="9.786" classname="com.tests.KeyboardActions"/>
</testsuite> <!-- com.tests.KeyboardActions -->
