<?xml version="1.0" encoding="UTF-8"?>
<!-- Generated by org.testng.reporters.JUnitReportReporter -->
<testsuite skipped="0" hostname="BDC6-DX-3Q11N62" name="com.util.TestmeAppLogin" tests="2" failures="0" timestamp="22 Apr 2019 07:16:05 GMT" time="6.601" errors="0">
  <testcase name="testLogin" time="3.612" classname="com.util.TestmeAppLogin"/>
  <testcase name="testLogin" time="2.989" classname="com.util.TestmeAppLogin"/>
</testsuite> <!-- com.util.TestmeAppLogin -->
