<?xml version="1.0" encoding="UTF-8"?>
<!-- Generated by org.testng.reporters.JUnitReportReporter -->
<testsuite skipped="0" hostname="BDC6-DX-3Q11N62" name="com.tests.GoogleHomePageTest" tests="1" failures="0" timestamp="17 Apr 2019 04:17:43 GMT" time="7.647" errors="0">
  <testcase name="testGoogleHomePage" time="7.647" classname="com.tests.GoogleHomePageTest"/>
</testsuite> <!-- com.tests.GoogleHomePageTest -->
