<?xml version="1.0" encoding="UTF-8"?>
<!-- Generated by org.testng.reporters.JUnitReportReporter -->
<testsuite skipped="0" hostname="BDC6-DX-3Q11N62" name="com.tests.InternetExplorerTest" tests="1" failures="0" timestamp="17 Apr 2019 04:33:12 GMT" time="4.972" errors="0">
  <testcase name="testInternetExplorer" time="4.972" classname="com.tests.InternetExplorerTest"/>
</testsuite> <!-- com.tests.InternetExplorerTest -->
