<?xml version="1.0" encoding="UTF-8"?>
<!-- Generated by org.testng.reporters.JUnitReportReporter -->
<testsuite skipped="0" hostname="BDC6-DX-3Q11N62" name="com.tests.TestCitywindowsFrames" tests="1" failures="0" timestamp="19 Apr 2019 11:05:47 GMT" time="10.392" errors="0">
  <testcase name="testAddressapp" time="10.392" classname="com.tests.TestCitywindowsFrames"/>
</testsuite> <!-- com.tests.TestCitywindowsFrames -->
