<?xml version="1.0" encoding="UTF-8"?>
<!-- Generated by org.testng.reporters.JUnitReportReporter -->
<testsuite skipped="0" hostname="BDC6-DX-3Q11N62" name="com.tests.MozillaFirefoxTest" tests="1" failures="0" timestamp="17 Apr 2019 04:15:10 GMT" time="11.272" errors="0">
  <testcase name="testMozilla" time="11.272" classname="com.tests.MozillaFirefoxTest"/>
</testsuite> <!-- com.tests.MozillaFirefoxTest -->
