<?xml version="1.0" encoding="UTF-8"?>
<!-- Generated by org.testng.reporters.JUnitReportReporter -->
<testsuite skipped="0" hostname="BDC6-DX-3Q11N62" name="com.util.RegistrationTestMe" tests="1" failures="0" timestamp="22 Apr 2019 12:05:50 GMT" time="5.777" errors="0">
  <testcase name="registrationLogin" time="5.777" classname="com.util.RegistrationTestMe"/>
</testsuite> <!-- com.util.RegistrationTestMe -->
