<?xml version="1.0" encoding="UTF-8"?>
<!-- Generated by org.testng.reporters.JUnitReportReporter -->
<testsuite skipped="0" hostname="BDC6-DX-3Q11N62" name="com.tests.ReadWriteDataExcel" tests="1" failures="0" timestamp="22 Apr 2019 06:09:32 GMT" time="0.891" errors="0">
  <testcase name="testReadExcel" time="0.891" classname="com.tests.ReadWriteDataExcel"/>
</testsuite> <!-- com.tests.ReadWriteDataExcel -->
