<?xml version="1.0" encoding="UTF-8"?>
<!-- Generated by org.testng.reporters.JUnitReportReporter -->
<testsuite skipped="0" hostname="BDC6-DX-3Q11N62" name="com.tests.MultipleBrowserTest" tests="1" failures="0" timestamp="17 Apr 2019 03:51:52 GMT" time="16.007" errors="0">
  <testcase name="testInternetExplorer" time="16.007" classname="com.tests.MultipleBrowserTest"/>
</testsuite> <!-- com.tests.MultipleBrowserTest -->
