<?xml version="1.0" encoding="UTF-8"?>
<!-- Generated by org.testng.reporters.JUnitReportReporter -->
<testsuite skipped="0" hostname="BDC6-DX-3Q11N62" name="com.tests.TestAddress" tests="1" failures="0" timestamp="23 Apr 2019 02:47:53 GMT" time="9.345" errors="0">
  <testcase name="testAddressapp" time="9.345" classname="com.tests.TestAddress"/>
</testsuite> <!-- com.tests.TestAddress -->
